<?xml version="1.0" encoding="UTF-8"?>
<!-- Generated by org.testng.reporters.JUnitReportReporter -->
<testsuite hostname="LAPTOP-9JIDQCJN" failures="0" tests="1" name="com.appname.qa.testCases.AddToCartTest" time="30.632" errors="0" timestamp="02 Nov 2019 11:16:54 GMT" skipped="0">
  <testcase classname="com.appname.qa.testCases.AddToCartTest" name="validateAddToCartOperation" time="30.632"/>
</testsuite> <!-- com.appname.qa.testCases.AddToCartTest -->
